2024-04-19 20:34:03,313 INFO o.s.b.StartupInfoLogger [main] Starting SpringBootRestApiPostgresqlApplication using Java 21.0.2 with PID 18892 (C:\Users\User\Desktop\CloudApp\target\classes started by User in C:\Users\User\Desktop\CloudApp)
2024-04-19 20:34:03,337 INFO o.s.b.SpringApplication [main] No active profile set, falling back to 1 default profile: "default"
2024-04-19 20:34:05,852 INFO o.s.d.r.c.RepositoryConfigurationDelegate [main] Bootstrapping Spring Data JPA repositories in DEFAULT mode.
2024-04-19 20:34:06,041 INFO o.s.d.r.c.RepositoryConfigurationDelegate [main] Finished Spring Data repository scanning in 161 ms. Found 2 JPA repository interfaces.
2024-04-19 20:34:08,282 INFO o.s.b.w.e.t.TomcatWebServer [main] Tomcat initialized with port(s): 8080 (http)
2024-04-19 20:34:08,310 INFO o.a.j.l.DirectJDKLog [main] Initializing ProtocolHandler ["http-nio-8080"]
2024-04-19 20:34:08,318 INFO o.a.j.l.DirectJDKLog [main] Starting service [Tomcat]
2024-04-19 20:34:08,319 INFO o.a.j.l.DirectJDKLog [main] Starting Servlet engine: [Apache Tomcat/10.1.15]
2024-04-19 20:34:08,599 INFO o.a.j.l.DirectJDKLog [main] Initializing Spring embedded WebApplicationContext
2024-04-19 20:34:08,604 INFO o.s.b.w.s.c.ServletWebServerApplicationContext [main] Root WebApplicationContext: initialization completed in 5145 ms
2024-04-19 20:34:09,242 INFO o.h.j.i.u.LogHelper [main] HHH000204: Processing PersistenceUnitInfo [name: default]
2024-04-19 20:34:09,430 INFO o.h.Version [main] HHH000412: Hibernate ORM core version 6.2.13.Final
2024-04-19 20:34:09,435 INFO o.h.c.Environment [main] HHH000406: Using bytecode reflection optimizer
2024-04-19 20:34:10,095 INFO o.s.o.j.p.SpringPersistenceUnitInfo [main] No LoadTimeWeaver setup: ignoring JPA class transformer
2024-04-19 20:34:10,165 INFO c.z.h.HikariDataSource [main] HikariPool-1 - Starting...
2024-04-19 20:34:11,812 INFO c.z.h.p.HikariPool [main] HikariPool-1 - Added connection org.postgresql.jdbc.PgConnection@7a3c99f1
2024-04-19 20:34:11,815 INFO c.z.h.HikariDataSource [main] HikariPool-1 - Start completed.
2024-04-19 20:34:11,956 WARN o.h.e.j.d.i.DialectFactoryImpl [main] HHH90000025: PostgreSQLDialect does not need to be specified explicitly using 'hibernate.dialect' (remove the property setting and it will be selected by default)
2024-04-19 20:34:14,324 INFO o.h.e.t.j.p.i.JtaPlatformInitiator [main] HHH000489: No JTA platform available (set 'hibernate.transaction.jta.platform' to enable JTA platform integration)
2024-04-19 20:34:15,238 INFO o.s.o.j.AbstractEntityManagerFactoryBean [main] Initialized JPA EntityManagerFactory for persistence unit 'default'
2024-04-19 20:34:16,273 WARN o.s.b.a.o.j.JpaBaseConfiguration$JpaWebConfiguration [main] spring.jpa.open-in-view is enabled by default. Therefore, database queries may be performed during view rendering. Explicitly configure spring.jpa.open-in-view to disable this warning
2024-04-19 20:34:17,987 INFO o.a.j.l.DirectJDKLog [main] Starting ProtocolHandler ["http-nio-8080"]
2024-04-19 20:34:18,057 INFO o.s.b.w.e.t.TomcatWebServer [main] Tomcat started on port(s): 8080 (http) with context path ''
2024-04-19 20:34:18,077 INFO o.s.b.StartupInfoLogger [main] Started SpringBootRestApiPostgresqlApplication in 15.956 seconds (process running for 19.504)
2024-04-19 20:34:43,811 INFO o.s.o.j.AbstractEntityManagerFactoryBean [SpringApplicationShutdownHook] Closing JPA EntityManagerFactory for persistence unit 'default'
2024-04-19 20:34:43,816 INFO c.z.h.HikariDataSource [SpringApplicationShutdownHook] HikariPool-1 - Shutdown initiated...
2024-04-19 20:34:45,920 INFO c.z.h.HikariDataSource [SpringApplicationShutdownHook] HikariPool-1 - Shutdown completed.
